
/studies/ic
/studies/thesis
assets/main.css
book
book/se
book/wt
book/wt/troubleshooting
classes
classes/ss2012
classes/ss2012/info2
classes/ss2012/praxisprojekt
classes/ss2013
classes/ss2013/if1
classes/ss2013/if2
classes/ss2013/info3
classes/ss2013/info3/assignments
classes/ss2013/info3/assignments/assignment-01
classes/ss2013/info3/assignments/assignment-02
classes/ss2013/info3/assignments/assignment-03
classes/ss2013/info3/assignments/assignment-04
classes/ss2013/info3/assignments/assignment-05
classes/ss2013/praxisprojekt
classes/ss2014
classes/ss2014/info2
classes/ss2014/info2/handouts/euclid
classes/ss2014/info2/labs
classes/ss2014/info2/labs/lab-01
classes/ss2014/info2/labs/lab-02
classes/ss2014/info2/labs/lab-03
classes/ss2014/info2/labs/lab-04
classes/ss2014/info2/labs/lab-05
classes/ss2014/info2/labs/lab-06
classes/ss2014/info2/labs/lab-06-handout
classes/ss2014/info2/labs/lab-07
classes/ss2014/info2/labs/lab-08
classes/ss2014/info2/labs/lab-09
classes/ss2014/info2/labs/lab-10
classes/ss2014/info2/labs/lab-11
classes/ss2014/info2/labs/lab-12
classes/ss2014/info2/labs/lab-13
classes/ss2014/info2/mailto:Alexander.Becker@student.HTW-Berlin.de
classes/ss2014/info2/schedule
classes/ss2014/info3
classes/ss2014/info3/labs
classes/ss2014/info3/labs/lab-01
classes/ss2014/info3/labs/lab-02
classes/ss2014/info3/labs/lab-03
classes/ss2014/info3/labs/lab-04
classes/ss2014/info3/labs/lab-05
classes/ss2014/info3/labs/lab-06
classes/ss2014/info3/labs/lab-07
classes/ss2014/info3/schedule
classes/ss2014/project
classes/ss2015
classes/ss2015/info2
classes/ss2015/info2/handouts/euclid
classes/ss2015/info2/labs
classes/ss2015/info2/labs/lab-01
classes/ss2015/info2/labs/lab-02
classes/ss2015/info2/labs/lab-03
classes/ss2015/info2/labs/lab-04
classes/ss2015/info2/labs/lab-05
classes/ss2015/info2/labs/lab-06
classes/ss2015/info2/labs/lab-06-handout
classes/ss2015/info2/labs/lab-07
classes/ss2015/info2/labs/lab-08
classes/ss2015/info2/labs/lab-09
classes/ss2015/info2/labs/lab-10
classes/ss2015/info2/labs/lab-11
classes/ss2015/info2/labs/lab-12
classes/ss2015/info2/labs/lab-13
classes/ss2015/info2/quame
classes/ss2015/info2/schedule
classes/ss2015/project
classes/ss2017
classes/ss2017/info2
classes/ss2017/info2/handouts
classes/ss2017/info2/handouts/comparator
classes/ss2017/info2/handouts/euclid
classes/ss2017/info2/klausurfragen
classes/ss2017/info2/labs
classes/ss2017/info2/labs/lab-01
classes/ss2017/info2/labs/lab-02
classes/ss2017/info2/labs/lab-03
classes/ss2017/info2/labs/lab-04
classes/ss2017/info2/labs/lab-05
classes/ss2017/info2/labs/lab-06
classes/ss2017/info2/labs/lab-06-handout
classes/ss2017/info2/labs/lab-07
classes/ss2017/info2/labs/lab-08
classes/ss2017/info2/labs/lab-09
classes/ss2017/info2/labs/lab-10
classes/ss2017/info2/labs/lab-10-data/bvg.txt
classes/ss2017/info2/labs/lab-10-data/graph1.txt
classes/ss2017/info2/labs/lab-10-data/result1.txt
classes/ss2017/info2/labs/lab-10-data/stations.txt
classes/ss2017/info2/labs/lab-11
classes/ss2017/info2/schedule
classes/ss2017/info2/worksheets
classes/ss2017/info2/worksheets/files
classes/ss2017/info2/worksheets/threads
classes/ss2017/media-programming-rails
classes/ss2017/media-programming-rails/assignments
classes/ss2017/media-programming-rails/assignments/week-1
classes/ss2017/media-programming-rails/assignments/week-2
classes/ss2017/media-programming-rails/assignments/week-3
classes/ss2017/media-programming-rails/assignments/week-3/#reading
classes/ss2017/media-programming-rails/assignments/week-4-5
classes/ss2017/media-programming-rails/example-project
classes/ss2017/media-programming-rails/example-project/week-2
classes/ss2017/media-programming-rails/example-project/week-3
classes/ss2017/media-programming-rails/example-project/week-4
classes/ss2017/media-programming-rails/example-project/week-5
classes/ss2017/media-programming-rails/overall-schedule
classes/ss2017/media-programming-rails/schedule
classes/ss2017/project
classes/ss2017/user-centered-web-technology
classes/ss2017/user-centered-web-technology/labs
classes/ss2017/user-centered-web-technology/labs/report-1
classes/ss2017/user-centered-web-technology/labs/report-2
classes/ss2017/user-centered-web-technology/labs/report-3
classes/ss2017/user-centered-web-technology/schedule
classes/ss2018
classes/ss2018/info1
classes/ss2018/info1/code
classes/ss2018/info1/extra
classes/ss2018/info1/labs
classes/ss2018/info1/labs/exercise-01
classes/ss2018/info1/labs/exercise-02
classes/ss2018/info1/labs/exercise-03
classes/ss2018/info1/labs/exercise-04
classes/ss2018/info1/labs/exercise-05
classes/ss2018/info1/labs/exercise-06
classes/ss2018/info1/labs/exercise-07
classes/ss2018/info1/labs/exercise-08
classes/ss2018/info1/labs/exercise-09
classes/ss2018/info1/labs/exercise-10
classes/ss2018/info1/labs/exercise-11
classes/ss2018/info1/labs/exercise-12
classes/ss2018/info1/schedule
classes/ss2018/media-programming-rails
classes/ss2018/media-programming-rails/assignments
classes/ss2018/media-programming-rails/assignments/#web-frameworks
classes/ss2018/media-programming-rails/overall-schedule
classes/ss2018/media-programming-rails/schedule
classes/ss2018/media-programming-rails/web
classes/ss2018/project
classes/ss2018/wt4
classes/ss2018/wt4/reports
classes/ss2018/wt4/schedule
classes/ss2020
classes/ss2020/bachelorseminar
classes/ss2020/bachelorseminar/schedule
classes/ss2020/info2
classes/ss2020/info2/labs
classes/ss2020/info2/labs/lab-01
classes/ss2020/info2/labs/lab-02
classes/ss2020/info2/labs/lab-03
classes/ss2020/info2/labs/lab-04
classes/ss2020/info2/labs/lab-05
classes/ss2020/info2/labs/lab-06
classes/ss2020/info2/labs/lab-06-handout
classes/ss2020/info2/labs/lab-07
classes/ss2020/info2/labs/lab-07/ttp://en.wikipedia.org/wiki/Sierpinski_carpeth
classes/ss2020/info2/labs/lab-08
classes/ss2020/info2/labs/lab-09
classes/ss2020/info2/labs/lab-10
classes/ss2020/info2/labs/lab-10-data/bvg.txt
classes/ss2020/info2/labs/lab-10-data/graph1.txt
classes/ss2020/info2/labs/lab-10-data/result1.txt
classes/ss2020/info2/labs/lab-10-data/stations.txt
classes/ss2020/info2/labs/lab-11
classes/ss2020/info2/labs/lab-12
classes/ss2020/info2/material
classes/ss2020/info2/material/algorithms_and_datastructures
classes/ss2020/info2/material/topic01_crc_cards
classes/ss2020/info2/material/topic02_1_finger_exercises
classes/ss2020/info2/material/topics_and_grading
classes/ss2020/info2/material/topics_and_grading_class_draft
classes/ss2020/info2/material/topics_and_grading_questions
classes/ss2020/info2/misc
classes/ss2020/info2/misc/collections
classes/ss2020/info2/misc/comparator
classes/ss2020/info2/misc/euclid
classes/ss2020/info2/schedule
classes/ss2020/info2/worksheets
classes/ss2020/info2/worksheets/files
classes/ss2020/info2/worksheets/threads
classes/ss2020/m-wt4-ucd
classes/ss2020/m-wt4-ucd/labs
classes/ss2020/m-wt4-ucd/reports
classes/ss2020/m-wt4-ucd/reports/report-1
classes/ss2020/m-wt4-ucd/reports/report-2
classes/ss2020/m-wt4-ucd/reports/report-3
classes/ss2020/m-wt4-ucd/schedule
classes/ss2020/m1-web
classes/ss2020/m1-web/assignments
classes/ss2020/m1-web/complete-schedule
classes/ss2020/m1-web/schedule
classes/ss2020/m1-web/topics
classes/ss2020/project
classes/ss2020/wtat1
classes/ss2020/wtat1/literature
classes/ss2020/wtat1/schedule
classes/ss2020/wtat1/topics
classes/ss2020/wtat1/topics/sprint-09-12
classes/ss2020/wtat1/topics/topic-00-project-ideas
classes/ss2020/wtat1/topics/topic-01-proposal
classes/ss2020/wtat1/topics/topic-02-backlog
classes/ss2020/wtat1/topics/topic-03-first-node-app
classes/ss2020/wtat1/topics/topic-04-first-express-app
classes/ss2020/wtat1/topics/topic-05-mongo
classes/ss2020/wtat1/topics/topic-06-deployment
classes/ss2020/wtat1/topics/topic-07-crud
classes/ss2020/wtat1/topics/topic-08-authentication
classes/ss2020/wtat1/topics/topic-09-api-jwt
classes/ss2021
classes/ss2021/info1
classes/ss2021/info1/code
classes/ss2021/info1/labs
classes/ss2021/info1/labs#grading-lab-reports
classes/ss2021/info1/labs/exercise-01
classes/ss2021/info1/labs/exercise-02
classes/ss2021/info1/labs/exercise-03
classes/ss2021/info1/labs/exercise-04
classes/ss2021/info1/labs/exercise-05
classes/ss2021/info1/labs/exercise-06
classes/ss2021/info1/labs/exercise-07
classes/ss2021/info1/labs/exercise-08
classes/ss2021/info1/labs/exercise-09
classes/ss2021/info1/labs/exercise-10
classes/ss2021/info1/labs/exercise-11
classes/ss2021/info1/labs/exercise-12
classes/ss2021/info1/labs/exercise-13
classes/ss2021/info1/labs/exercise-14
classes/ss2021/info1/labs/exercise-inheritance
classes/ss2021/info1/notebook
classes/ss2021/info1/schedule
classes/ss2021/info1/week
classes/ss2021/info1/week/lernteamcoaching
classes/ss2021/m-wt4-ucd
classes/ss2021/m-wt4-ucd/reports
classes/ss2021/m-wt4-ucd/reports/report-1
classes/ss2021/m-wt4-ucd/reports/report-2
classes/ss2021/m-wt4-ucd/reports/report-3
classes/ss2021/m-wt4-ucd/reports/report-4
classes/ss2021/m-wt4-ucd/schedule
classes/ss2021/m1-web
classes/ss2021/m1-web/complete-schedule
classes/ss2021/wtat1
classes/ss2021/wtat1/literature
classes/ss2021/wtat1/schedule
classes/ss2021/wtat1/topics
classes/ss2021/wtat1/topics/sprint-01
classes/ss2021/wtat1/topics/sprint-02-mongo
classes/ss2021/wtat1/topics/sprint-03-deployment
classes/ss2021/wtat1/topics/sprint-04-05-crud
classes/ss2021/wtat1/topics/sprint-06-authentication
classes/ss2021/wtat1/topics/sprint-07-api-jwt
classes/ss2021/wtat1/topics/sprint-08-vue1-tutorial
classes/ss2021/wtat1/topics/sprint-09-vue2-concept
classes/ss2021/wtat1/topics/sprint-10-vue3-implementation
classes/ss2021/wtat1/topics/sprint-11-realtime
classes/ss2021/wtat1/topics/topic-01-first-node-app
classes/ws2011
classes/ws2011/info1
classes/ws2011/info1/mailto:j.schmolling@student.HTW-Berlin.de
classes/ws2011/praxisprojekt
classes/ws2011/wtat1
classes/ws2012
classes/ws2012/info1
classes/ws2012/info1/assignments
classes/ws2012/info1/assignments/exercise-00
classes/ws2012/info1/assignments/exercise-01
classes/ws2012/info1/assignments/exercise-02
classes/ws2012/info1/assignments/exercise-03
classes/ws2012/info1/assignments/exercise-04
classes/ws2012/info1/assignments/exercise-05
classes/ws2012/info1/assignments/exercise-06
classes/ws2012/info1/assignments/exercise-07
classes/ws2012/info1/assignments/exercise-08
classes/ws2012/info1/assignments/exercise-09
classes/ws2012/info1/assignments/exercise-10
classes/ws2012/info1/assignments/exercise-11
classes/ws2012/info1/assignments/exercise-12
classes/ws2012/info3
classes/ws2012/wtat2
classes/ws2013
classes/ws2013/info1
classes/ws2013/info1/labs
classes/ws2013/info1/labs/exercise-00
classes/ws2013/info1/labs/exercise-01
classes/ws2013/info1/labs/exercise-02
classes/ws2013/info1/labs/exercise-03
classes/ws2013/info1/labs/exercise-04
classes/ws2013/info1/labs/exercise-05
classes/ws2013/info1/labs/exercise-06
classes/ws2013/info1/labs/exercise-07
classes/ws2013/info1/labs/exercise-08
classes/ws2013/info1/labs/exercise-09
classes/ws2013/info1/labs/exercise-10
classes/ws2013/info1/labs/exercise-11
classes/ws2013/info1/labs/exercise-12
classes/ws2013/info1/schedule
classes/ws2013/info3
classes/ws2013/info3/labs
classes/ws2013/info3/labs/lab-00
classes/ws2013/info3/labs/lab-01
classes/ws2013/info3/labs/lab-02
classes/ws2013/info3/labs/lab-03
classes/ws2013/info3/labs/lab-04
classes/ws2013/info3/labs/lab-05
classes/ws2013/info3/labs/lab-06
classes/ws2013/info3/labs/lab-07
classes/ws2013/info3/labs/lab-08
classes/ws2013/info3/labs/lab-09
classes/ws2013/info3/labs/lab-10
classes/ws2013/info3/labs/lab-11
classes/ws2013/info3/schedule
classes/ws2013/project
classes/ws2014
classes/ws2014/info1
classes/ws2014/info1/code
classes/ws2014/info1/labs
classes/ws2014/info1/labs/exercise-00
classes/ws2014/info1/labs/exercise-01
classes/ws2014/info1/labs/exercise-02
classes/ws2014/info1/labs/exercise-03
classes/ws2014/info1/labs/exercise-04
classes/ws2014/info1/labs/exercise-05
classes/ws2014/info1/labs/exercise-06
classes/ws2014/info1/labs/exercise-07
classes/ws2014/info1/labs/exercise-08
classes/ws2014/info1/labs/exercise-09
classes/ws2014/info1/labs/exercise-10
classes/ws2014/info1/labs/exercise-11
classes/ws2014/info1/labs/exercise-12
classes/ws2014/info1/schedule
classes/ws2014/info3
classes/ws2014/info3/code
classes/ws2014/info3/labs
classes/ws2014/info3/labs/lab-01-startup
classes/ws2014/info3/labs/lab-01-startup-installation
classes/ws2014/info3/labs/lab-02-usecases-class
classes/ws2014/info3/labs/lab-03-sequence-state
classes/ws2014/info3/labs/lab-04-testing
classes/ws2014/info3/labs/lab-05-legacy
classes/ws2014/info3/labs/lab-06-rails-1
classes/ws2014/info3/labs/lab-07-rails-2
classes/ws2014/info3/material
classes/ws2014/info3/material/refactoring
classes/ws2014/info3/schedule
classes/ws2014/webapplications
classes/ws2014/webapplications/schedule
classes/ws2015
classes/ws2015/info1
classes/ws2015/info1/code
classes/ws2015/info1/labs
classes/ws2015/info1/labs/exercise-00
classes/ws2015/info1/labs/exercise-01-a
classes/ws2015/info1/labs/exercise-01-b
classes/ws2015/info1/labs/exercise-02
classes/ws2015/info1/labs/exercise-03
classes/ws2015/info1/labs/exercise-04
classes/ws2015/info1/labs/exercise-05
classes/ws2015/info1/labs/exercise-06
classes/ws2015/info1/labs/exercise-07
classes/ws2015/info1/labs/exercise-08
classes/ws2015/info1/labs/exercise-09
classes/ws2015/info1/labs/exercise-10
classes/ws2015/info1/labs/exercise-11
classes/ws2015/info1/labs/exercise-12
classes/ws2015/info1/labs/exercise-13
classes/ws2015/info1/labs/material/info1-02-worksheet-kara1.pdf
classes/ws2015/info1/schedule
classes/ws2015/info3
classes/ws2015/info3/code
classes/ws2015/info3/labs
classes/ws2015/info3/labs/lab-01-casestudies
classes/ws2015/info3/labs/lab-01-startup
classes/ws2015/info3/labs/lab-01-startup-installation
classes/ws2015/info3/labs/lab-02-usecases-class
classes/ws2015/info3/labs/lab-03-sequence-state
classes/ws2015/info3/labs/lab-04-testing
classes/ws2015/info3/labs/lab-05-legacy
classes/ws2015/info3/labs/lab-06-rails-1
classes/ws2015/info3/labs/lab-07-rails-2
classes/ws2015/info3/material
classes/ws2015/info3/material/refactoring
classes/ws2015/info3/schedule
classes/ws2015/wt1wa
classes/ws2015/wt1wa/#schedule
classes/ws2015/wt1wa/homework
classes/ws2015/wt1wa/homework/week1
classes/ws2015/wt1wa/homework/week10
classes/ws2015/wt1wa/homework/week11
classes/ws2015/wt1wa/homework/week2
classes/ws2015/wt1wa/homework/week3
classes/ws2015/wt1wa/homework/week4
classes/ws2015/wt1wa/homework/week5
classes/ws2015/wt1wa/homework/week6
classes/ws2015/wt1wa/homework/week7
classes/ws2015/wt1wa/homework/week8
classes/ws2015/wt1wa/schedule
classes/ws2016
classes/ws2016/info1
classes/ws2016/info1/code
classes/ws2016/info1/labs
classes/ws2016/info1/labs/exercise-00
classes/ws2016/info1/labs/exercise-01
classes/ws2016/info1/labs/exercise-02
classes/ws2016/info1/labs/exercise-03
classes/ws2016/info1/labs/exercise-04
classes/ws2016/info1/labs/exercise-05
classes/ws2016/info1/labs/exercise-06
classes/ws2016/info1/labs/exercise-07
classes/ws2016/info1/labs/exercise-08
classes/ws2016/info1/labs/exercise-09
classes/ws2016/info1/labs/exercise-10-a
classes/ws2016/info1/labs/exercise-10-b
classes/ws2016/info1/labs/exercise-11
classes/ws2016/info1/labs/exercise-12
classes/ws2016/info1/labs/material/info1-02-worksheet-kara1.pdf
classes/ws2016/info1/labs/material/info1-04-worksheet-kara2.pdf
classes/ws2016/info1/schedule
classes/ws2016/media-programming-rails
classes/ws2016/media-programming-rails/assignments
classes/ws2016/media-programming-rails/assignments/#week-1
classes/ws2016/media-programming-rails/assignments/#week-2
classes/ws2016/media-programming-rails/assignments/#week-3
classes/ws2016/media-programming-rails/assignments/#week-4
classes/ws2016/media-programming-rails/example-project
classes/ws2016/media-programming-rails/example-project/week-1
classes/ws2016/media-programming-rails/example-project/week-2
classes/ws2016/media-programming-rails/example-project/week-3
classes/ws2016/media-programming-rails/example-project/week-4
classes/ws2016/media-programming-rails/example-project/week-5
classes/ws2016/media-programming-rails/overall-schedule
classes/ws2016/media-programming-rails/schedule
classes/ws2017
classes/ws2017/info3
classes/ws2017/info3/labs
classes/ws2017/info3/labs/lab-01-startup
classes/ws2017/info3/labs/lab-01-startup-installation
classes/ws2017/info3/labs/lab-02-usecases-class
classes/ws2017/info3/labs/lab-03-sequence-state
classes/ws2017/info3/labs/lab-04-testing
classes/ws2017/info3/labs/lab-05-legacy
classes/ws2017/info3/labs/lab-06-rails-1
classes/ws2017/info3/labs/lab-07-rails-2
classes/ws2017/info3/material
classes/ws2017/info3/material/refactoring
classes/ws2017/info3/schedule
classes/ws2017/media-programming-rails
classes/ws2017/media-programming-rails/assignments
classes/ws2017/media-programming-rails/assignments/#week-1
classes/ws2017/media-programming-rails/assignments/#week-2
classes/ws2017/media-programming-rails/assignments/#week-3
classes/ws2017/media-programming-rails/assignments/#week-4
classes/ws2017/media-programming-rails/assignments/#week-5
classes/ws2017/media-programming-rails/overall-schedule
classes/ws2017/media-programming-rails/schedule
classes/ws2017/project
classes/ws2017/wtat2
classes/ws2017/wtat2/schedule
classes/ws2017/wtat2/topics
classes/ws2017/wtat2/topics/a1-activerecord
classes/ws2017/wtat2/topics/a1-activerecord-example
classes/ws2017/wtat2/topics/a1-activerecord-example/index.html#create-a-project-description-and-backlog
classes/ws2017/wtat2/topics/a1-activerecord-example/index.html#find-and-define-2-or-3-model-classes-for-your-project-identify-stories-which-you-can-implement-with-crud-operations-on-these-resources
classes/ws2017/wtat2/topics/a1-activerecord-example/index.html#implementation
classes/ws2017/wtat2/topics/a1-activerecord-example/index.html#number-your-stories-and-prioritize-the-backlog
classes/ws2017/wtat2/topics/a1-activerecord-example/index.html#sketch--paper-prototype
classes/ws2017/wtat2/topics/a2-authentication
classes/ws2017/wtat2/topics/a3-search-database-docker
classes/ws2017/wtat2/topics/a4-ci-cd-javascript
classes/ws2017/wtat2/topics/a5-api-security
classes/ws2017/wtat2/topics/a6-choose-your-own
classes/ws2018
classes/ws2018/info2
classes/ws2018/info2/labs
classes/ws2018/info2/labs/lab-01
classes/ws2018/info2/labs/lab-02
classes/ws2018/info2/labs/lab-03
classes/ws2018/info2/labs/lab-04
classes/ws2018/info2/labs/lab-05
classes/ws2018/info2/labs/lab-06
classes/ws2018/info2/labs/lab-06-handout
classes/ws2018/info2/labs/lab-07
classes/ws2018/info2/labs/lab-08
classes/ws2018/info2/labs/lab-09
classes/ws2018/info2/labs/lab-10
classes/ws2018/info2/labs/lab-10-data/bvg.txt
classes/ws2018/info2/labs/lab-10-data/graph1.txt
classes/ws2018/info2/labs/lab-10-data/result1.txt
classes/ws2018/info2/labs/lab-10-data/stations.txt
classes/ws2018/info2/labs/lab-11
classes/ws2018/info2/labs/lab-12
classes/ws2018/info2/labs/lab-13
classes/ws2018/info2/material
classes/ws2018/info2/material/python
classes/ws2018/info2/material/topics_and_grading
classes/ws2018/info2/material/topics_and_grading_class_draft
classes/ws2018/info2/material/topics_and_grading_questions
classes/ws2018/info2/misc
classes/ws2018/info2/misc/collections
classes/ws2018/info2/misc/comparator
classes/ws2018/info2/misc/euclid
classes/ws2018/info2/schedule
classes/ws2018/info2/worksheets
classes/ws2018/info2/worksheets/files
classes/ws2018/info2/worksheets/threads
classes/ws2018/wt2
classes/ws2018/wt2/assignments
classes/ws2018/wt2/assignments/assignment_01
classes/ws2018/wt2/assignments/assignment_01/#e-learning-usability-heuristics
classes/ws2018/wt2/assignments/assignment_02
classes/ws2018/wt2/assignments/assignment_03
classes/ws2018/wt2/assignments/assignment_04
classes/ws2018/wt2/literature
classes/ws2018/wt2/postersession
classes/ws2018/wt2/schedule
classes/ws2019
classes/ws2019/info1
classes/ws2019/info1/code
classes/ws2019/info1/labs
classes/ws2019/info1/labs/exercise-00
classes/ws2019/info1/labs/exercise-01
classes/ws2019/info1/labs/exercise-02
classes/ws2019/info1/labs/exercise-03
classes/ws2019/info1/labs/exercise-04
classes/ws2019/info1/labs/exercise-05
classes/ws2019/info1/labs/exercise-06
classes/ws2019/info1/labs/exercise-07
classes/ws2019/info1/labs/exercise-08
classes/ws2019/info1/labs/exercise-09
classes/ws2019/info1/labs/exercise-10
classes/ws2019/info1/labs/exercise-11
classes/ws2019/info1/labs/exercise-12
classes/ws2019/info1/material/info1-02-worksheet-kara-1.pdf
classes/ws2019/info1/material/info1-04-worksheet-kara-2.pdf
classes/ws2019/info1/schedule
classes/ws2019/m-wt1-webapplications
classes/ws2019/m-wt1-webapplications/assignments
classes/ws2019/m-wt1-webapplications/assignments/homework0
classes/ws2019/m-wt1-webapplications/assignments/homework1
classes/ws2019/m-wt1-webapplications/assignments/homework3
classes/ws2019/m-wt1-webapplications/schedule
classes/ws2019/m1-web
classes/ws2019/m1-web/assignments
classes/ws2019/m1-web/complete-schedule
classes/ws2019/m1-web/schedule
classes/ws2019/m6-project
classes/ws2019/m6-project/20191009_Kriterien_fuer_tinklusive_Hochschulen_V07.pdf
classes/ws2019/m6-project/notes
classes/ws2019/m6-project/notes/target-groups
classes/ws2019/m6-project/schedule
classes/ws2019/wt2-usability
classes/ws2019/wt2-usability/assignments
classes/ws2019/wt2-usability/assignments/assignment_01
classes/ws2019/wt2-usability/assignments/assignment_01/#e-learning-usability-heuristics
classes/ws2019/wt2-usability/assignments/assignment_02
classes/ws2019/wt2-usability/assignments/assignment_03
classes/ws2019/wt2-usability/assignments/assignment_04
classes/ws2019/wt2-usability/literature
classes/ws2019/wt2-usability/postersession
classes/ws2019/wt2-usability/schedule
classes/ws2020
classes/ws2020/bachelorseminar
classes/ws2020/bachelorseminar/schedule
classes/ws2020/info3
classes/ws2020/info3/#grades
classes/ws2020/info3/continuous_assessment
classes/ws2020/info3/labs
classes/ws2020/info3/labs/lab-01-startup
classes/ws2020/info3/labs/lab-02-usecases-class
classes/ws2020/info3/labs/lab-03-sequence-state
classes/ws2020/info3/labs/lab-04-testing
classes/ws2020/info3/labs/lab-05-legacy
classes/ws2020/info3/labs/lab-06-express-1
classes/ws2020/info3/labs/lab-07-express-2
classes/ws2020/info3/material
classes/ws2020/info3/material/refactoring
classes/ws2020/info3/schedule
classes/ws2020/m-wt1-webapplications
classes/ws2020/m-wt1-webapplications/schedule
classes/ws2020/m-wt1-webapplications/sprint
classes/ws2020/m-wt1-webapplications/sprint/day1-monday
classes/ws2020/m1-web
classes/ws2020/m1-web/complete-schedule
classes/ws2021
classes/ws2021/info2
classes/ws2021/info2/labs
classes/ws2021/info2/labs/lab-00
classes/ws2021/info2/labs/lab-01
classes/ws2021/info2/labs/lab-01/#cool-zuul
classes/ws2021/info2/labs/lab-01/htts://c2.com/doc/oopsla89/paper.html
classes/ws2021/info2/labs/lab-02
classes/ws2021/info2/misc
classes/ws2021/info2/misc/collections
classes/ws2021/info2/misc/comparator
classes/ws2021/info2/misc/euclid
classes/ws2021/info2/schedule
classes/ws2021/info2/worksheets
classes/ws2021/info2/worksheets/files
classes/ws2021/info2/worksheets/threads
classes/ws2021/m-wt1-webapplications
classes/ws2021/m-wt1-webapplications/schedule
classes/ws2021/m-wt1-webapplications/sprint
classes/ws2021/m-wt1-webapplications/sprint/day1-monday
classes/ws2021/m1-web
classes/ws2021/m1-web/complete-schedule
classes/ws2021/networks
classes/ws2021/networks/labs
classes/ws2021/networks/resources
classes/ws2021/networks/schedule
contact
contact/datenschutzerklaerung
contact/impressum
contact/impressum/mailto:barne.kleinen@htw-berlin.de
contact/mailto:Barne.Kleinen@htw-berlin.de
css/style.min.f772b557719cabf0caa72eb3f6a546a1c62774994053c881465edbc396af7857.css
css/syntax.css
favicon.ico
html/lsf-emailcollector.html
html/markdown-editor/markdown-editor.html
labore
labore/rubygems
misc
misc/about-this-site
misc/links
misc/trans
posts
posts/2017-05-28-cryptoparty/mailto:kleinen@htw-berlin.de
posts/2018-03-15-lb-wtat1-ss18/mailto:kleinen@htw-berlin.de
posts/2018-04-07-wiederholbarkeitsfrist
posts/2020-10-14-git-introduction
posts/2021-04-22-sketchnotes
posts/2021-06-09-bafoeg
software_projects
studies
studies/grading
studies/grading/grading-scale
studies/grading/guideline
studies/grading/guideline/#star-gradings-for-exercises
studies/ic
studies/thesis
studies/thesis/anleitung
studies/thesis/betreuung
studies/thesis/kolloquium
studies/thesis/topics
studies/thesis/topics/faq
