not linked: posts/2011-10-19-barcamp-in-salzburg
not linked: posts/2016-11-29-gender-training
not linked: posts/2020-01-27-showtime-ws19
not linked: posts/2016-10-11-berlin-years
not linked: posts/2020-10-19-infoveranstaltung-praktikum-ws20
not linked: posts/2011-12-02-info-veranstaltung-fur-frauen-am-fb-4
not linked: posts/2017-03-18-alter-conf
not linked: posts/2016-01-04-campuslizenzen
not linked: posts/2018-07-04-showtime-ss18
not linked: posts/2012-05-15-programm-der-informatica-feminale-online
not linked: posts/2019-09-26-projektvergabe-ws2019
not linked: posts/2017-05-27-infoveranstaltung-praktikum
not linked: posts/2014-09-29-medien
not linked: posts/2019-04-01-showtime-ss19
not linked: posts/2018-12-05-infoveranstaltung-praktikum-ws18
not linked: posts/2019-10-16-engagement-ws2019
not linked: posts/2020-09-16-projektvergabe-ws2020
not linked: posts/2020-03-19-corona-virus-faq
not linked: posts/2015-11-01-ic-risiko-freiheit
not linked: posts/2018-03-23-projektvergabe-ss18
not linked: posts/2015-11-01-wikimedia
not linked: posts/2020-07-10-showtime-ss20
not linked: posts/2012-05-24-my-pony
not linked: posts/2018-06-06-infoveranstaltung-praktikum-ss18
not linked: posts/2013-05-09-introduction-to-git-with-john-britton-from-github
not linked: posts/2019-02-01-showtime-ws18
not linked: posts/2018-09-29-projektvergabe-ws2018
not linked: posts/2015-11-13-weltoffene-hochschule
not linked: posts/2020-03-14-sommersemester-planung
not linked: posts/2019-11-11-infoveranstaltung-praktikum-ws19
not linked: posts/2017-12-11-meccinale-2018
not linked: posts/2019-05-13-infoveranstaltung-praktikum-ss19
not linked: posts/2018-01-20-infoveranstaltung-praktikum-ws17
not linked: posts/2019-05-12-gesetzesentwurf-personenstandsaenderung
not linked: posts/2011-10-05-willkommen
not linked: software_projects/module-handbook
not linked: classes/ws2018/info2/misc/klausurfragen
not linked: classes/ws2018/info2/labs/lab-14
not linked: classes/ws2018/info2/labs/lab-08-chat
not linked: classes/ws2020/info3/labs/lab-07-rails-2
not linked: classes/ws2020/info3/labs/lab-01-casestudies
not linked: classes/ws2020/info3/labs/labs-notes-fuer-naechstes-mal
not linked: classes/ws2020/info3/labs/lab-01-startup-installation
not linked: classes/ws2020/info3/labs/lab-06-rails-1
not linked: classes/ws2020/info3/labs/lab-08-express-3
not linked: classes/ws2020/info3/code
not linked: classes/ws2020/info3/flipped/lecacy-code
not linked: classes/ss2013/info3/assignments/preparation-for-week-3
not linked: classes/ws2016/media-programming-rails/media-programming-rails
not linked: classes/ws2016/info1/labs/exercise-13
not linked: classes/ss2014/info2/labs/lab-14
not linked: classes/ss2014/info3/labs/tech-stuff
not linked: classes/ss2014/info3/labs/lab-05a
not linked: classes/ss2014/info3/labs/lab-004
not linked: classes/ss2014/info3/labs/assignment-01
not linked: classes/ss2014/info3/labs/lab-03a
not linked: classes/ss2015/info2/labs/lab-14
not linked: classes/ss2015/info2/labs/lab-08-chat
not linked: classes/ws2017/info3/labs/lab-01-casestudies
not linked: classes/ws2017/info3/labs/labs-notes-fuer-naechstes-mal
not linked: classes/ws2017/info3/code
not linked: classes/ws2021/info2/misc/klausurfragen
not linked: classes/ws2019/m-wt1-webapplications/assignments/week8
not linked: classes/ws2019/m-wt1-webapplications/assignments/week6
not linked: classes/ws2019/m-wt1-webapplications/assignments/week1
not linked: classes/ws2019/m-wt1-webapplications/assignments/week7
not linked: classes/ws2019/m-wt1-webapplications/assignments/week2
not linked: classes/ws2019/m-wt1-webapplications/assignments/week5
not linked: classes/ws2019/m-wt1-webapplications/assignments/week4
not linked: classes/ws2019/m-wt1-webapplications/assignments/week3
not linked: classes/ws2019/m-wt1-webapplications/assignments/week10
not linked: classes/ws2019/m-wt1-webapplications/assignments/week11
not linked: classes/ss2021/info1/labs/exercise-12-a
not linked: classes/ss2021/info1/material
not linked: classes/ss2021/wtat1/topics/topic-02-backlog
not linked: classes/ss2021/wtat1/topics/sprint-09-12
not linked: classes/ss2021/wtat1/topics/topic-00-project-ideas
not linked: classes/ss2021/wtat1/topics/topic-01-proposal
not linked: classes/ss2017/info2/labs/lab-11-nfa-not-in-ss2017
not linked: classes/ss2017/info2/labs/lab-13
not linked: classes/ss2017/info2/labs/lab-14
not linked: classes/ss2017/info2/labs/lab-08-chat
not linked: classes/ss2017/media-programming-rails/assignments/week-5
not linked: classes/ss2017/media-programming-rails/assignments/week-1-takeouts
not linked: classes/ws2015/info1/labs/exercise-12-switch
not linked: classes/ws2015/info1/labs/exercise-02-full
not linked: classes/ws2015/info1/labs/exercise-11-with-switch
not linked: classes/ws2015/wt1wa/rails-topics
not linked: classes/ws2014/info1/labs/exercise-12-switch
not linked: classes/ws2014/info1/labs/exercise-02-full
not linked: classes/ws2014/info1/labs/exercise-11-with-switch
not linked: classes/ss2016
not linked: classes/ws2013/info3/labs/assignment-01
not linked: classes/ws2013/info3/labs/lab-10-gilded-rose-part-2-draft
not linked: classes/ws2013/info3/labs/assignment-04
not linked: classes/ws2013/info3/labs/assignment-03
not linked: classes/ws2013/info3/labs/assignment-02
not linked: classes/ws2013/info3/labs/assignment-05
not linked: classes/ws2013/info1/labs/exercise-12-switch
not linked: classes/ws2013/info1/labs/exercise-11-with-switch
not linked: classes/ws2013/info1/code
not linked: classes/ss2020/info2/misc/klausurfragen
not linked: classes/ss2020/info2/labs/lab-13
not linked: classes/ss2020/info2/labs/lab-14
not linked: classes/ss2020/info2/labs/lab-08-chat
not linked: classes/ss2020/info2/material/python
not linked: classes/ss2020/m-wt4-ucd/labs/report-3
not linked: imi
not linked: news
not linked: book/se/sorting-algorithms
not linked: book/wt/error_example_01
